[00:52:40] [main/INFO] (FabricLoader/GameProvider) Loading Minecraft 1.21.1 with Fabric Loader 0.18.4
[00:52:40] [main/WARN] (FabricLoader/Resolution) Warnings were found!
 - Mod 'Damage Numbers' (damagenumbers) 1.4.1-fabric recommends any version of yet_another_config_lib_v3, which is missing!
	 - You should install any version of yet_another_config_lib_v3 for the optimal experience.
[00:52:40] [main/INFO] (FabricLoader) Loading 75 mods:
	- ali 1.21.1-1.6.0
	- amendments 1.21-2.0.9
	- appleskin 3.0.6+mc1.21
	- architectury 13.0.8
	- carpet 1.4.147+v240613
	- cloth-config 15.0.140
	   \-- cloth-basic-math 0.6.1
	- damagenumbers 1.4.1-fabric
	- dummmmmmy 1.21-2.0.9
	- enchancement 1.21-r14
	   |-- cardinal-components-base 6.1.2
	   |-- cardinal-components-entity 6.1.2
	   |-- cardinal-components-world 6.1.2
	   |-- midnightlib 1.6.3
	   \-- tooltipfix 1.1.1-1.20
	- fabric-api 0.116.7+1.21.1
	- fabric-api-base 0.4.42+6573ed8c19
	- fabric-api-lookup-api-v1 1.6.71+b559734419
	- fabric-biome-api-v1 13.0.31+d527f9fd19
	- fabric-block-api-v1 1.1.0+0bc3503219
	- fabric-block-view-api-v2 1.0.11+ebb2264e19
	- fabric-blockrenderlayer-v1 1.1.52+0af3f5a719
	- fabric-client-tags-api-v1 1.1.15+6573ed8c19
	- fabric-command-api-v1 1.2.49+f71b366f19
	- fabric-command-api-v2 2.2.28+6ced4dd919
	- fabric-commands-v0 0.2.66+df3654b319
	- fabric-content-registries-v0 8.0.19+b559734419
	- fabric-convention-tags-v1 2.1.5+7f945d5b19
	- fabric-convention-tags-v2 2.11.1+a406e79519
	- fabric-crash-report-info-v1 0.2.29+0af3f5a719
	- fabric-data-attachment-api-v1 1.4.5+6116a37819
	- fabric-data-generation-api-v1 20.2.34+37516cd619
	- fabric-dimensions-v1 4.0.1+65213ef819
	- fabric-entity-events-v1 1.8.0+2b27e0a419
	- fabric-events-interaction-v0 0.7.13+ba9dae0619
	- fabric-game-rule-api-v1 1.0.53+6ced4dd919
	- fabric-gametest-api-v1 2.0.5+6fc22b9919
	- fabric-item-api-v1 11.2.0+3b3cb2e819
	- fabric-item-group-api-v1 4.1.7+def88e3a19
	- fabric-key-binding-api-v1 1.0.47+0af3f5a719
	- fabric-keybindings-v0 0.2.45+df3654b319
	- fabric-lifecycle-events-v1 2.6.0+0865547519
	- fabric-loot-api-v2 3.0.15+3f89f5a519
	- fabric-loot-api-v3 1.0.3+3f89f5a519
	- fabric-message-api-v1 6.0.14+8aaf3aca19
	- fabric-model-loading-api-v1 2.1.0+b4d813fc19
	- fabric-networking-api-v1 4.3.0+c7469b2119
	- fabric-object-builder-api-v1 15.2.1+40875a9319
	- fabric-particles-v1 4.0.2+6573ed8c19
	- fabric-recipe-api-v1 5.0.15+2475392c19
	- fabric-registry-sync-v0 5.3.1+e3eddc2119
	- fabric-renderer-api-v1 3.4.1+b4d813fc19
	- fabric-renderer-indigo 1.7.1+c705a49c19
	- fabric-renderer-registries-v1 3.2.69+df3654b319
	- fabric-rendering-data-attachment-v1 0.3.49+73761d2e19
	- fabric-rendering-fluids-v1 3.1.6+1daea21519
	- fabric-rendering-v0 1.1.72+df3654b319
	- fabric-rendering-v1 5.1.0+ab4c25a019
	- fabric-resource-conditions-api-v1 4.3.0+8dc279b119
	- fabric-resource-loader-v0 1.3.1+5b5275af19
	- fabric-screen-api-v1 2.0.25+8b68f1c719
	- fabric-screen-handler-api-v1 1.3.90+b559734419
	- fabric-sound-api-v1 1.0.23+6573ed8c19
	- fabric-transfer-api-v1 5.4.3+c24bd99419
	- fabric-transitive-access-wideners-v1 6.2.0+45b9699719
	- fabricloader 0.18.4
	- java 21
	- jei 19.25.0.323
	- minecraft 1.21.1
	- mixinextras 0.5.0
	- modelfix 1.21-1.6
	- modmenu 11.0.3
	   \-- placeholder-api 2.4.0-pre.2+1.21
	- moonlight 1.21-2.28.3
	- tool_bundle 1.0.0
[00:52:47] [main/INFO] (FabricLoader/Mixin) SpongePowered MIXIN Subsystem Version=0.8.7 Source=file:/D:/.gradle/caches/modules-2/files-2.1/net.fabricmc/sponge-mixin/0.17.0+mixin.0.8.7/cf31463202f72d03b0ef1e1e38e8ee71b7faaab6/sponge-mixin-0.17.0+mixin.0.8.7.jar Service=Knot/Fabric Env=CLIENT
[00:52:47] [main/INFO] (FabricLoader/Mixin) Loaded Fabric development mappings for mixin remapper!
[00:52:47] [main/INFO] (FabricLoader/Mixin) Compatibility level set to JAVA_17
[00:52:47] [main/INFO] (FabricLoader/Mixin) Compatibility level set to JAVA_21
[00:52:48] [main/WARN] (FabricLoader/Mixin) Error loading class: vectorwing/farmersdelight/common/block/StandingCanvasSignBlock (java.lang.ClassNotFoundException: vectorwing/farmersdelight/common/block/StandingCanvasSignBlock)
[00:52:48] [main/WARN] (FabricLoader/Mixin) Error loading class: vectorwing/farmersdelight/common/block/WallCanvasSignBlock (java.lang.ClassNotFoundException: vectorwing/farmersdelight/common/block/WallCanvasSignBlock)
[00:52:48] [main/WARN] (FabricLoader/Mixin) Error loading class: vectorwing/farmersdelight/client/renderer/HangingCanvasSignRenderer (java.lang.ClassNotFoundException: vectorwing/farmersdelight/client/renderer/HangingCanvasSignRenderer)
[00:52:48] [main/WARN] (FabricLoader/Mixin) Error loading class: vectorwing/farmersdelight/client/renderer/CanvasSignRenderer (java.lang.ClassNotFoundException: vectorwing/farmersdelight/client/renderer/CanvasSignRenderer)
[00:52:48] [main/WARN] (FabricLoader/Mixin) Error loading class: vectorwing/farmersdelight/client/gui/CanvasSignEditScreen (java.lang.ClassNotFoundException: vectorwing/farmersdelight/client/gui/CanvasSignEditScreen)
[00:52:48] [main/WARN] (FabricLoader/Mixin) Error loading class: net/mehvahdjukaar/supplementaries/common/entities/SlimeBallEntity (java.lang.ClassNotFoundException: net/mehvahdjukaar/supplementaries/common/entities/SlimeBallEntity)
[00:52:49] [main/INFO] (FabricLoader/MixinExtras|Service) Initializing MixinExtras via com.llamalad7.mixinextras.service.MixinExtrasServiceImpl(version=0.5.0).
[00:52:50] [Datafixer Bootstrap/INFO] (Minecraft) 226 Datafixer optimizations took 387 milliseconds
[00:52:52] [main/WARN] (FabricLoader/Mixin) Method overwrite conflict for getClimateSettings in architectury.mixins.json:BiomeAccessor from mod architectury, previously written by carpet.mixins.Biome_scarpetMixin. Skipping method.
[00:52:55] [Render thread/INFO] (Minecraft) Environment: Environment[sessionHost=https://sessionserver.mojang.com, servicesHost=https://api.minecraftservices.com, name=PROD]
[00:52:55] [Render thread/INFO] (Minecraft) Setting user: _Mokus
[00:52:56] [Render thread/INFO] (Moonlight) Loaded config dummmmmmy-common.json
[00:52:56] [Render thread/INFO] (Moonlight) Loaded config amendments-common.json
[00:52:56] [Render thread/INFO] (Moonlight) Loaded config amendments-client.json
[00:52:56] [Render thread/INFO] (Moonlight) Loaded config moonlight-client.json
[00:52:56] [Render thread/INFO] (Moonlight) Loaded config moonlight-common.json
[00:52:56] [Render thread/INFO] (FabricPlatformHelper) Registered ALI plugin [ali] com.yanny.ali.plugin.Plugin
[00:52:56] [Render thread/INFO] (FabricPlatformHelper) Registered ALI plugin [moonlight] com.yanny.ali.plugin.mods.moonlight.Plugin
[00:52:56] [Render thread/INFO] (FabricPlatformHelper) Found 2 plugin(s)
[00:52:56] [Render thread/INFO] (PluginManager) Registering common plugin data...
[00:52:56] [Render thread/INFO] (ConfigUtils) Loading configuration file D:\modding\Tool Bundles\run\config\ali\ali_common.json
[00:52:56] [Render thread/INFO] (AliCommonRegistry) Registered 1 entity variants
[00:52:56] [Render thread/INFO] (PluginManager) Registering common plugin data finished
[00:52:56] [Render thread/INFO] (Mod Menu/Update Checker) Checking mod updates...
[00:52:56] [Worker-Main-1/ERROR] (Minecraft) Caught exception in thread Thread[#72,Worker-Main-1,5,main]
java.util.ConcurrentModificationException: null
	at java.base/java.util.HashMap$ValueSpliterator.forEachRemaining(HashMap.java:1792) ~[?:?]
	at java.base/java.util.stream.AbstractPipeline.copyInto(AbstractPipeline.java:509) ~[?:?]
	at java.base/java.util.stream.AbstractPipeline.wrapAndCopyInto(AbstractPipeline.java:499) ~[?:?]
	at java.base/java.util.stream.AbstractPipeline.evaluate(AbstractPipeline.java:575) ~[?:?]
	at java.base/java.util.stream.AbstractPipeline.evaluateToArrayNode(AbstractPipeline.java:260) ~[?:?]
	at java.base/java.util.stream.ReferencePipeline.toArray(ReferencePipeline.java:616) ~[?:?]
	at java.base/java.util.stream.ReferencePipeline.toArray(ReferencePipeline.java:622) ~[?:?]
	at java.base/java.util.stream.ReferencePipeline.toList(ReferencePipeline.java:627) ~[?:?]
	at knot/com.terraformersmc.modmenu.util.UpdateCheckerUtil.checkForUpdates0(UpdateCheckerUtil.java:57) ~[modmenu-11.0.3-64b5720b4b825f21.jar:?]
	at java.base/java.util.concurrent.ForkJoinTask$RunnableExecuteAction.exec(ForkJoinTask.java:1423) [?:?]
	at java.base/java.util.concurrent.ForkJoinTask.doExec(ForkJoinTask.java:387) [?:?]
	at java.base/java.util.concurrent.ForkJoinPool$WorkQueue.topLevelExec(ForkJoinPool.java:1312) [?:?]
	at java.base/java.util.concurrent.ForkJoinPool.scan(ForkJoinPool.java:1843) [?:?]
	at java.base/java.util.concurrent.ForkJoinPool.runWorker(ForkJoinPool.java:1808) [?:?]
	at java.base/java.util.concurrent.ForkJoinWorkerThread.run(ForkJoinWorkerThread.java:188) [?:?]
[00:52:56] [Render thread/INFO] (Indigo) [Indigo] Registering Indigo renderer!
[00:52:57] [Render thread/ERROR] (Minecraft) No data fixer registered for medium_dragon_fireball
[00:52:57] [Render thread/ERROR] (Minecraft) No data fixer registered for medium_fireball
[00:52:57] [Render thread/ERROR] (Minecraft) No data fixer registered for falling_lantern
[00:52:57] [Render thread/ERROR] (Minecraft) No data fixer registered for target_dummy
[00:52:57] [Render thread/INFO] (Moonlight) Initialized block sets in 10ms
[00:52:57] [Render thread/INFO] (Moonlight) Loaded config dummmmmmy-client.json
[00:52:57] [Render thread/INFO] (Moonlight) Initialized color sets in 15ms
[00:52:57] [Render thread/INFO] (PluginCaller) Sending ConfigManager...
[00:52:57] [Render thread/INFO] (PluginCaller) Sending ConfigManager took 1.167 milliseconds
[00:52:57] [Render thread/INFO] (PluginManager) Registering client plugin data...
[00:52:57] [Render thread/INFO] (AliClientRegistry) Registered 16 widgets
[00:52:57] [Render thread/INFO] (AliClientRegistry) Registered 16 data node factories
[00:52:57] [Render thread/INFO] (AliClientRegistry) Registered 7 tooltip node factories
[00:52:57] [Render thread/INFO] (PluginManager) Registering client plugin data finished
[00:52:57] [Render thread/INFO] (NetworkManagerImpl) Registering S2C receiver with id architectury:spawn_entity_packet
[00:52:57] [Render thread/ERROR] (Minecraft) Registry 'moonlight:world_saved_data_type' was empty after loading
[00:52:57] [Render thread/ERROR] (Minecraft) Registry 'moonlight:custom_map_data_types' was empty after loading
[00:52:58] [Render thread/INFO] (Minecraft) Backend library: LWJGL version 3.3.3-snapshot
[00:52:58] [Render thread/INFO] (Moonlight) Merging 2 images using mode MIN_AREA_NO_UPSCALE
[00:52:59] [Render thread/INFO] (Minecraft) Reloading ResourceManager: vanilla, fabric, ali, amendments, appleskin, cardinal-components-base, cardinal-components-entity, cardinal-components-world, carpet, cloth-config, damagenumbers, dummmmmmy, enchancement, fabric-api, fabric-api-base, fabric-api-lookup-api-v1, fabric-biome-api-v1, fabric-block-api-v1, fabric-block-view-api-v2, fabric-blockrenderlayer-v1, fabric-client-tags-api-v1, fabric-command-api-v1, fabric-command-api-v2, fabric-commands-v0, fabric-content-registries-v0, fabric-convention-tags-v1, fabric-convention-tags-v2, fabric-crash-report-info-v1, fabric-data-attachment-api-v1, fabric-data-generation-api-v1, fabric-dimensions-v1, fabric-entity-events-v1, fabric-events-interaction-v0, fabric-game-rule-api-v1, fabric-gametest-api-v1, fabric-item-api-v1, fabric-item-group-api-v1, fabric-key-binding-api-v1, fabric-keybindings-v0, fabric-lifecycle-events-v1, fabric-loot-api-v2, fabric-loot-api-v3, fabric-message-api-v1, fabric-model-loading-api-v1, fabric-networking-api-v1, fabric-object-builder-api-v1, fabric-particles-v1, fabric-recipe-api-v1, fabric-registry-sync-v0, fabric-renderer-api-v1, fabric-renderer-indigo, fabric-renderer-registries-v1, fabric-rendering-data-attachment-v1, fabric-rendering-fluids-v1, fabric-rendering-v0, fabric-rendering-v1, fabric-resource-conditions-api-v1, fabric-resource-loader-v0, fabric-screen-api-v1, fabric-screen-handler-api-v1, fabric-sound-api-v1, fabric-transfer-api-v1, fabric-transitive-access-wideners-v1, fabricloader, jei, midnightlib, modmenu, moonlight, tool_bundle, tooltipfix, moonlight:merged_pack
[00:52:59] [Worker-Main-1/INFO] (Moonlight) Resource cache state for CLIENT_RESOURCES: up to date
[00:52:59] [Worker-Main-1/INFO] (Moonlight) Populated search tree for pack at D:\modding\Tool Bundles\run\dynamic-resource-pack-cache\amendments-generated_pack in 7.160 ms
[00:52:59] [Worker-Main-1/INFO] (Moonlight) Starting runtime resource generation for pack type CLIENT_RESOURCES with generators [amendments:generated_pack, moonlight:dynamic_resources]
[00:52:59] [Worker-Main-1/INFO] (Moonlight) Skipping regeneration for Dynamic CLIENT_RESOURCES Resources Provider [amendments:generated_pack] (cache up-to-date)
[00:52:59] [Worker-Main-1/INFO] (Moonlight) Regenerating Dynamic CLIENT_RESOURCES Resources Provider [moonlight:dynamic_resources], requested by strategy REGEN_ON_EVERY_RELOAD
[00:52:59] [Worker-Main-1/INFO] (Moonlight) Generated runtime CLIENT_RESOURCES for pack moonlight:dynamic_resources in 3.657 ms
[00:52:59] [Worker-Main-1/INFO] (Moonlight) Finished runtime resources generation for 2 packs in a total of 9.631 ms 
[00:52:59] [Worker-Main-4/INFO] (Minecraft) Found unifont_all_no_pua-15.1.05.hex, loading
[00:53:00] [Worker-Main-2/INFO] (Minecraft) Found unifont_jp_patch-15.1.05.hex, loading
[00:53:01] [Render thread/WARN] (Minecraft) Missing sound for event: minecraft:item.goat_horn.play
[00:53:01] [Render thread/WARN] (Minecraft) Missing sound for event: minecraft:entity.goat.screaming.horn_break
[00:53:01] [Render thread/INFO] (Minecraft) OpenAL initialized on device OpenAL Soft on Headphones (2- Redmi Buds 5)
[00:53:01] [Render thread/INFO] (Minecraft) Sound engine started
[00:53:01] [Render thread/INFO] (Minecraft) Created: 1024x512x4 minecraft:textures/atlas/blocks.png-atlas
[00:53:01] [Render thread/INFO] (Minecraft) Created: 256x256x4 minecraft:textures/atlas/signs.png-atlas
[00:53:01] [Render thread/INFO] (Minecraft) Created: 512x512x4 minecraft:textures/atlas/banner_patterns.png-atlas
[00:53:01] [Render thread/INFO] (Minecraft) Created: 512x512x4 minecraft:textures/atlas/shield_patterns.png-atlas
[00:53:01] [Render thread/INFO] (Minecraft) Created: 1024x1024x4 minecraft:textures/atlas/armor_trims.png-atlas
[00:53:01] [Render thread/INFO] (Minecraft) Created: 256x256x4 minecraft:textures/atlas/chest.png-atlas
[00:53:01] [Render thread/INFO] (Minecraft) Created: 128x64x4 minecraft:textures/atlas/decorated_pot.png-atlas
[00:53:01] [Render thread/INFO] (Minecraft) Created: 512x256x4 minecraft:textures/atlas/beds.png-atlas
[00:53:01] [Render thread/INFO] (Minecraft) Created: 512x256x4 minecraft:textures/atlas/shulker_boxes.png-atlas
[00:53:01] [Render thread/INFO] (Minecraft) Created: 512x256x0 minecraft:textures/atlas/particles.png-atlas
[00:53:01] [Render thread/INFO] (Minecraft) Created: 512x256x0 minecraft:textures/atlas/paintings.png-atlas
[00:53:01] [Render thread/INFO] (Minecraft) Created: 256x128x0 minecraft:textures/atlas/mob_effects.png-atlas
[00:53:01] [Render thread/INFO] (Minecraft) Created: 256x256x0 minecraft:textures/atlas/map_decorations.png-atlas
[00:53:01] [Render thread/INFO] (Minecraft) Created: 1024x512x0 minecraft:textures/atlas/gui.png-atlas
[00:53:01] [Render thread/WARN] (Minecraft) Shader rendertype_entity_translucent_emissive could not find sampler named Sampler2 in the specified shader program.
[00:53:01] [Render thread/INFO] (Minecraft) Created: 256x256x0 jei:textures/atlas/gui.png-atlas
[00:53:09] [Render thread/INFO] (Minecraft) Loaded 1298 recipes
[00:53:09] [Render thread/INFO] (Minecraft) Loaded 1404 advancements
[00:53:09] [Render thread/INFO] (BiomeModificationImpl) Applied 0 biome modifications to 0 of 64 new biomes in 1.422 ms
[00:53:09] [Server thread/INFO] (Minecraft) Starting integrated minecraft server version 1.21.1
[00:53:09] [Server thread/INFO] (Minecraft) Generating keypair
[00:53:10] [Server thread/INFO] (PluginManager) Registering server plugin data...
[00:53:10] [Server thread/WARN] (PluginUtils) Failed to register entry for net.mehvahdjukaar.moonlight.core.loot.OptionalItemPool with error net.mehvahdjukaar.moonlight.core.loot.OptionalItemPool
[00:53:10] [Server thread/INFO] (Minecraft) [STDERR]: java.lang.ClassNotFoundException: net.mehvahdjukaar.moonlight.core.loot.OptionalItemPool
[00:53:10] [Server thread/INFO] (Minecraft) [STDERR]: 	at java.base/jdk.internal.loader.BuiltinClassLoader.loadClass(BuiltinClassLoader.java:641)
[00:53:10] [Server thread/INFO] (Minecraft) [STDERR]: 	at java.base/java.lang.ClassLoader.loadClass(ClassLoader.java:526)
[00:53:10] [Server thread/INFO] (Minecraft) [STDERR]: 	at net.fabricmc.loader.impl.launch.knot.KnotClassDelegate.loadClass(KnotClassDelegate.java:239)
[00:53:10] [Server thread/INFO] (Minecraft) [STDERR]: 	at net.fabricmc.loader.impl.launch.knot.KnotClassLoader.loadClass(KnotClassLoader.java:119)
[00:53:10] [Server thread/INFO] (Minecraft) [STDERR]: 	at java.base/java.lang.ClassLoader.loadClass(ClassLoader.java:526)
[00:53:10] [Server thread/INFO] (Minecraft) [STDERR]: 	at java.base/java.lang.Class.forName0(Native Method)
[00:53:10] [Server thread/INFO] (Minecraft) [STDERR]: 	at java.base/java.lang.Class.forName(Class.java:421)
[00:53:10] [Server thread/INFO] (Minecraft) [STDERR]: 	at java.base/java.lang.Class.forName(Class.java:412)
[00:53:10] [Server thread/INFO] (Minecraft) [STDERR]: 	at knot//com.yanny.ali.plugin.mods.PluginUtils.registerEntry(PluginUtils.java:76)
[00:53:10] [Server thread/INFO] (Minecraft) [STDERR]: 	at knot//com.yanny.ali.plugin.mods.moonlight.Plugin.registerServer(Plugin.java:18)
[00:53:10] [Server thread/INFO] (Minecraft) [STDERR]: 	at knot//com.yanny.ali.manager.PluginManager.registerServerData(PluginManager.java:91)
[00:53:10] [Server thread/INFO] (Minecraft) [STDERR]: 	at knot//com.yanny.ali.manager.PluginManager.registerServerEvent(PluginManager.java:42)
[00:53:10] [Server thread/INFO] (Minecraft) [STDERR]: 	at knot//com.yanny.ali.FabricBusSubscriber.onServerStarting(FabricBusSubscriber.java:26)
[00:53:10] [Server thread/INFO] (Minecraft) [STDERR]: 	at knot//net.fabricmc.fabric.api.event.lifecycle.v1.ServerWorldEvents.lambda$static$0(ServerWorldEvents.java:34)
[00:53:10] [Server thread/INFO] (Minecraft) [STDERR]: 	at knot//net.minecraft.server.MinecraftServer.wrapOperation$zze000$fabric-lifecycle-events-v1$onLoadWorld(MinecraftServer.java:2395)
[00:53:10] [Server thread/INFO] (Minecraft) [STDERR]: 	at knot//net.minecraft.server.MinecraftServer.createWorlds(MinecraftServer.java:396)
[00:53:10] [Server thread/INFO] (Minecraft) [STDERR]: 	at knot//net.minecraft.server.MinecraftServer.loadWorld(MinecraftServer.java:363)
[00:53:10] [Server thread/INFO] (Minecraft) [STDERR]: 	at knot//net.minecraft.server.integrated.IntegratedServer.setupServer(IntegratedServer.java:78)
[00:53:10] [Server thread/INFO] (Minecraft) [STDERR]: 	at knot//net.minecraft.server.MinecraftServer.runServer(MinecraftServer.java:712)
[00:53:10] [Server thread/INFO] (Minecraft) [STDERR]: 	at knot//net.minecraft.server.MinecraftServer.method_29739(MinecraftServer.java:287)
[00:53:10] [Server thread/INFO] (Minecraft) [STDERR]: 	at java.base/java.lang.Thread.run(Thread.java:1583)
[00:53:10] [Server thread/INFO] (AliServerRegistry) Registered 8 entry item collectors
[00:53:10] [Server thread/INFO] (AliServerRegistry) Registered 2 function item collectors
[00:53:10] [Server thread/INFO] (AliServerRegistry) Registered 6 number converters
[00:53:10] [Server thread/INFO] (AliServerRegistry) Registered 8 entry factories
[00:53:10] [Server thread/INFO] (AliServerRegistry) Registered 40 function tooltips
[00:53:10] [Server thread/INFO] (AliServerRegistry) Registered 20 condition tooltips
[00:53:10] [Server thread/INFO] (AliServerRegistry) Registered 1 ingredient tooltips
[00:53:10] [Server thread/INFO] (AliServerRegistry) Registered 14 item sub predicate tooltips
[00:53:10] [Server thread/INFO] (AliServerRegistry) Registered 19 entity sub predicate tooltips
[00:53:10] [Server thread/INFO] (AliServerRegistry) Registered 57 data component type tooltips
[00:53:10] [Server thread/INFO] (AliServerRegistry) Registered 3 chance modifiers
[00:53:10] [Server thread/INFO] (AliServerRegistry) Registered 4 count modifiers
[00:53:10] [Server thread/INFO] (AliServerRegistry) Registered 15 item stack modifiers
[00:53:10] [Server thread/INFO] (AliServerRegistry) Registered 0 loot modifiers
[00:53:10] [Server thread/INFO] (AliServerRegistry) Registered 10 item listing factories
[00:53:10] [Server thread/INFO] (PluginManager) Registering server plugin data finished
[00:53:10] [Server thread/INFO] (AbstractServer) Started reading loot info
[00:53:10] [Server thread/WARN] (AliCommonRegistry) Failed to create entity: entity.minecraft.player (NULL)
[00:53:10] [Server thread/WARN] (enchancement) Attempted to add a disabled enchantment enchantment.enchancement.empty
[00:53:10] [Server thread/WARN] (enchancement) Attempted to add a disabled enchantment enchantment.enchancement.empty
[00:53:10] [Server thread/WARN] (enchancement) Attempted to add a disabled enchantment enchantment.enchancement.empty
[00:53:10] [Server thread/WARN] (enchancement) Attempted to add a disabled enchantment enchantment.enchancement.empty
[00:53:10] [Server thread/WARN] (enchancement) Attempted to add a disabled enchantment enchantment.enchancement.empty
[00:53:10] [Server thread/INFO] (AbstractServer) Skipped 41 empty or hidden loot tables and 0 injected loot tables
[00:53:10] [Server thread/WARN] (AbstractServer) No trades defined for minecraft:nitwit
[00:53:10] [Server thread/WARN] (AbstractServer) No trades defined for minecraft:none
[00:53:10] [Server thread/INFO] (AbstractServer) Processing 1140 loot tables and 14 trades took 561ms
[00:53:11] [Server thread/INFO] (AbstractServer) Compressed loot data (1.35 MB -> 0.07 MB) and stored in 3 chunk(s)
[00:53:11] [Server thread/INFO] (Minecraft) Preparing start region for dimension minecraft:overworld
[00:53:11] [Render thread/INFO] (Minecraft) Preparing spawn area: 0%
[00:53:11] [Render thread/INFO] (Minecraft) Time elapsed: 417 ms
[00:53:11] [Server thread/WARN] (TranslationConventionLogWarnings) 
	Dev warning - Untranslated Item Tags detected. Please translate your item tags so other mods such as recipe viewers can properly display your tag's name.
	The format desired is tag.item.<namespace>.<path> for the translation key with slashes in path turned into periods.
	To disable this message, set this system property in your runs: `-Dfabric-tag-conventions-v2.missingTagTranslationWarning=SILENCED`.
	To see individual untranslated item tags found, set the system property to `-Dfabric-tag-conventions-v2.missingTagTranslationWarning=VERBOSE`.
	Default is `SHORT`.

[00:53:11] [Server thread/INFO] (Minecraft) Changing view distance to 12, from 10
[00:53:11] [Server thread/INFO] (Minecraft) Changing simulation distance to 6, from 0
[00:53:12] [Server thread/INFO] (Minecraft) _Mokus[local:E:3ba8fbce] logged in with entity id 215 at (-121.53550413406245, 63.0, 109.30914036815074)
[00:53:12] [Server thread/INFO] (AbstractServer) Started syncing loot info to _Mokus
[00:53:12] [Server thread/INFO] (AbstractServer) Finished syncing loot info to _Mokus
[00:53:12] [Netty Local Client IO #0/INFO] (AliClientRegistry) Started receiving loot data
[00:53:12] [Netty Local Client IO #0/INFO] (AliClientRegistry) Received last 3 chunk(s). Done receiving data.
[00:53:12] [Netty Local Client IO #0/INFO] (AliClientRegistry) Finished receiving loot data
[00:53:12] [Server thread/INFO] (Minecraft) _Mokus joined the game
[00:53:13] [Render thread/INFO] (LoggedTimer) Starting JEI...
[00:53:13] [Render thread/INFO] (PluginCaller) Registering item subtypes...
[00:53:13] [Render thread/INFO] (PluginCaller) Registering item subtypes took 5.457 milliseconds
[00:53:13] [Render thread/INFO] (PluginCaller) Registering fluid subtypes...
[00:53:13] [Render thread/INFO] (PluginCaller) Registering fluid subtypes took 1.435 milliseconds
[00:53:13] [Render thread/INFO] (PluginCaller) Registering ingredients...
[00:53:13] [Render thread/INFO] (PluginCallerTimerRunnable) Registering ingredients: jei:minecraft took 138.6 milliseconds
[00:53:13] [Render thread/INFO] (PluginCaller) Registering ingredients took 139.0 milliseconds
[00:53:13] [Render thread/INFO] (PluginCaller) Registering extra ingredients...
[00:53:13] [Render thread/INFO] (PluginCaller) Registering extra ingredients took 239.4 microseconds
[00:53:13] [Render thread/INFO] (PluginCaller) Registering search ingredient aliases...
[00:53:13] [Render thread/INFO] (PluginCaller) Registering search ingredient aliases took 656.9 microseconds
[00:53:13] [Render thread/INFO] (PluginCaller) Registering Mod Info...
[00:53:13] [Render thread/INFO] (PluginCaller) Registering Mod Info took 394.3 microseconds
[00:53:13] [Render thread/INFO] (PluginCaller) Registering categories...
[00:53:13] [Render thread/INFO] (PluginCallerTimerRunnable) Registering categories: jei:minecraft took 18.28 milliseconds
[00:53:13] [Render thread/INFO] (PluginCaller) Registering categories took 31.14 milliseconds
[00:53:13] [Render thread/INFO] (PluginCaller) Registering vanilla category extensions...
[00:53:13] [Render thread/INFO] (PluginCaller) Registering vanilla category extensions took 2.875 milliseconds
[00:53:13] [Render thread/INFO] (PluginCaller) Registering recipe catalysts...
[00:53:13] [Render thread/INFO] (PluginCaller) Registering recipe catalysts took 861.5 microseconds
[00:53:13] [Render thread/INFO] (LoggedTimer) Building recipe registry...
[00:53:13] [Render thread/INFO] (LoggedTimer) Building recipe registry took 42.11 milliseconds
[00:53:13] [Render thread/INFO] (PluginCaller) Registering advanced plugins...
[00:53:13] [Render thread/INFO] (PluginCaller) Registering advanced plugins took 341.6 microseconds
[00:53:13] [Render thread/INFO] (PluginCaller) Registering recipes...
[00:53:13] [Render thread/WARN] (enchancement) Attempted to set a disabled enchantment enchantment.enchancement.empty
[00:53:13] [Render thread/INFO] (PluginCallerTimerRunnable) Registering recipes: jei:minecraft took 197.6 milliseconds
[00:53:13] [Render thread/INFO] (JeiCompatibility) Data already received, processing instantly.
[00:53:13] [Render thread/INFO] (JeiCompatibility) Adding loot information to JEI
[00:53:13] [Render thread/WARN] (AliCommonRegistry) Failed to create entity: entity.minecraft.player (NULL)
[00:53:14] [Render thread/INFO] (JeiCompatibility) Data registration finished successfully.
[00:53:14] [Render thread/INFO] (PluginCallerTimerRunnable) Registering recipes: ali:jei_plugin took 178.3 milliseconds
[00:53:14] [Render thread/INFO] (PluginCallerTimerRunnable) Registering recipes: jei:internal took 32.36 milliseconds
[00:53:14] [Render thread/INFO] (PluginCaller) Registering recipes took 409.2 milliseconds
[00:53:14] [Render thread/INFO] (PluginCaller) Registering recipes transfer handlers...
[00:53:14] [Render thread/INFO] (PluginCaller) Registering recipes transfer handlers took 2.135 milliseconds
[00:53:14] [Render thread/INFO] (LoggedTimer) Building runtime...
[00:53:14] [Render thread/INFO] (PluginCaller) Registering gui handlers...
[00:53:14] [Render thread/INFO] (PluginCaller) Registering gui handlers took 6.974 milliseconds
[00:53:14] [Render thread/INFO] (PluginCaller) Registering Runtime...
[00:53:14] [Render thread/INFO] (JeiGuiStarter) Starting JEI GUI
[00:53:14] [Render thread/INFO] (LoggedTimer) Building ingredient list...
[00:53:14] [Render thread/INFO] (LoggedTimer) Building ingredient list took 22.61 milliseconds
[00:53:14] [Render thread/INFO] (LoggedTimer) Building ingredient filter...
[00:53:14] [Render thread/INFO] (IngredientFilter) Adding 1609 ingredients
[00:53:14] [Render thread/INFO] (IngredientFilter) Added 1609 ingredients
[00:53:14] [Render thread/INFO] (LoggedTimer) Building ingredient filter took 311.2 milliseconds
[00:53:14] [Render thread/INFO] (PluginCallerTimerRunnable) Registering Runtime: jei:fabric_gui took 403.7 milliseconds
[00:53:14] [Render thread/INFO] (PluginCaller) Registering Runtime took 404.3 milliseconds
[00:53:14] [Render thread/INFO] (LoggedTimer) Building runtime took 433.1 milliseconds
[00:53:14] [Render thread/INFO] (PluginCaller) Sending Runtime...
[00:53:14] [Render thread/INFO] (PluginCaller) Sending Runtime took 255.4 microseconds
[00:53:14] [Render thread/INFO] (LoggedTimer) Starting JEI took 1.159 seconds
[00:53:14] [Render thread/INFO] (Minecraft) Loaded 21 advancements
[00:53:14] [Render thread/INFO] (Moonlight) Synced amendments-common.json configs
[00:53:14] [Render thread/INFO] (Moonlight) Synced moonlight-common.json configs
[00:53:21] [Render thread/WARN] (Minecraft) Unable to play empty soundEvent: minecraft:entity.cod.ambient
[00:53:34] [Server thread/INFO] (Minecraft) Saving and pausing game...
[00:53:34] [Server thread/INFO] (Minecraft) Saving chunks for level 'ServerLevel[New World]'/minecraft:overworld
[00:53:34] [Server thread/INFO] (Minecraft) Saving chunks for level 'ServerLevel[New World]'/minecraft:the_end
[00:53:34] [Server thread/INFO] (Minecraft) Saving chunks for level 'ServerLevel[New World]'/minecraft:the_nether
[00:53:35] [Server thread/INFO] (Minecraft) _Mokus lost connection: Disconnected
[00:53:35] [Server thread/INFO] (Minecraft) _Mokus left the game
[00:53:35] [Server thread/INFO] (Minecraft) Stopping singleplayer server as player logged out
[00:53:35] [Server thread/INFO] (PluginManager) Deregistering server plugin data...
[00:53:35] [Server thread/INFO] (PluginManager) Deregistering server plugin data finished
[00:53:35] [Server thread/INFO] (Minecraft) Stopping server
[00:53:35] [Server thread/INFO] (Minecraft) Saving players
[00:53:35] [Server thread/INFO] (Minecraft) Saving worlds
[00:53:35] [Server thread/INFO] (Minecraft) Saving chunks for level 'ServerLevel[New World]'/minecraft:overworld
[00:53:35] [Server thread/INFO] (Minecraft) Saving chunks for level 'ServerLevel[New World]'/minecraft:the_end
[00:53:35] [Server thread/INFO] (Minecraft) Saving chunks for level 'ServerLevel[New World]'/minecraft:the_nether
[00:53:35] [Server thread/INFO] (Minecraft) ThreadedAnvilChunkStorage (New World): All chunks are saved
[00:53:35] [Server thread/INFO] (Minecraft) ThreadedAnvilChunkStorage (DIM1): All chunks are saved
[00:53:35] [Server thread/INFO] (Minecraft) ThreadedAnvilChunkStorage (DIM-1): All chunks are saved
[00:53:35] [Server thread/INFO] (Minecraft) ThreadedAnvilChunkStorage: All dimensions are saved
[00:53:35] [Render thread/INFO] (Minecraft) Stopping!
